0 info it worked if it ends with ok
1 verbose cli [ 'C:\\Program Files (x86)\\nodejs\\node.exe',
1 verbose cli   'C:\\Program Files (x86)\\nodejs\\node_modules\\npm\\bin\\npm-cli.js',
1 verbose cli   'install',
1 verbose cli   'express@4.13.0',
1 verbose cli   'body-parser@1.13.1' ]
2 info using npm@3.10.3
3 info using node@v6.3.1
4 silly loadCurrentTree Starting
5 silly install loadCurrentTree
6 silly install readLocalPackageData
7 silly fetchPackageMetaData express@4.13.0
8 silly fetchPackageMetaData body-parser@1.13.1
9 silly fetchNamedPackageData express
10 silly mapToRegistry name express
11 silly mapToRegistry using default registry
12 silly mapToRegistry registry https://registry.npmjs.org/
13 silly mapToRegistry data Result {
13 silly mapToRegistry   raw: 'express',
13 silly mapToRegistry   scope: null,
13 silly mapToRegistry   escapedName: 'express',
13 silly mapToRegistry   name: 'express',
13 silly mapToRegistry   rawSpec: '',
13 silly mapToRegistry   spec: 'latest',
13 silly mapToRegistry   type: 'tag' }
14 silly mapToRegistry uri https://registry.npmjs.org/express
15 silly fetchNamedPackageData body-parser
16 silly mapToRegistry name body-parser
17 silly mapToRegistry using default registry
18 silly mapToRegistry registry https://registry.npmjs.org/
19 silly mapToRegistry data Result {
19 silly mapToRegistry   raw: 'body-parser',
19 silly mapToRegistry   scope: null,
19 silly mapToRegistry   escapedName: 'body-parser',
19 silly mapToRegistry   name: 'body-parser',
19 silly mapToRegistry   rawSpec: '',
19 silly mapToRegistry   spec: 'latest',
19 silly mapToRegistry   type: 'tag' }
20 silly mapToRegistry uri https://registry.npmjs.org/body-parser
21 verbose request uri https://registry.npmjs.org/express
22 verbose request no auth needed
23 info attempt registry request try #1 at 07:56:29
24 verbose request id 121ad0cc23041d6b
25 verbose etag "3IOAS9OXTPMXVI9ES2Y3TXSZT"
26 http request GET https://registry.npmjs.org/express
27 verbose request uri https://registry.npmjs.org/body-parser
28 verbose request no auth needed
29 info attempt registry request try #1 at 07:56:29
30 verbose etag "6DSIGGK4YMOWTYX2XM2JYLT2T"
31 http request GET https://registry.npmjs.org/body-parser
32 http 200 https://registry.npmjs.org/body-parser
33 verbose headers { server: 'CouchDB/1.5.0 (Erlang OTP/R16B03)',
33 verbose headers   etag: '"XHI0FI7C9DG7YK20WTRSVJ00"',
33 verbose headers   'content-type': 'application/json',
33 verbose headers   'content-encoding': 'gzip',
33 verbose headers   'cache-control': 'max-age=300',
33 verbose headers   'content-length': '16373',
33 verbose headers   'accept-ranges': 'bytes',
33 verbose headers   date: 'Thu, 13 Oct 2016 12:56:25 GMT',
33 verbose headers   via: '1.1 varnish',
33 verbose headers   age: '262',
33 verbose headers   connection: 'keep-alive',
33 verbose headers   'x-served-by': 'cache-dfw1833-DFW',
33 verbose headers   'x-cache': 'HIT',
33 verbose headers   'x-cache-hits': '6',
33 verbose headers   'x-timer': 'S1476363385.001948,VS0,VE0',
33 verbose headers   vary: 'Accept-Encoding' }
34 silly get cb [ 200,
34 silly get   { server: 'CouchDB/1.5.0 (Erlang OTP/R16B03)',
34 silly get     etag: '"XHI0FI7C9DG7YK20WTRSVJ00"',
34 silly get     'content-type': 'application/json',
34 silly get     'content-encoding': 'gzip',
34 silly get     'cache-control': 'max-age=300',
34 silly get     'content-length': '16373',
34 silly get     'accept-ranges': 'bytes',
34 silly get     date: 'Thu, 13 Oct 2016 12:56:25 GMT',
34 silly get     via: '1.1 varnish',
34 silly get     age: '262',
34 silly get     connection: 'keep-alive',
34 silly get     'x-served-by': 'cache-dfw1833-DFW',
34 silly get     'x-cache': 'HIT',
34 silly get     'x-cache-hits': '6',
34 silly get     'x-timer': 'S1476363385.001948,VS0,VE0',
34 silly get     vary: 'Accept-Encoding' } ]
35 verbose get saving body-parser to C:\Users\Marianda\AppData\Roaming\npm-cache\registry.npmjs.org\body-parser\.cache.json
36 verbose correctMkdir C:\Users\Marianda\AppData\Roaming\npm-cache correctMkdir not in flight; initializing
37 http 200 https://registry.npmjs.org/express
38 verbose headers { server: 'CouchDB/1.5.0 (Erlang OTP/R16B03)',
38 verbose headers   etag: '"BCZ1TKMD7HQXFAM6TWWVGKQ3E"',
38 verbose headers   'content-type': 'application/json',
38 verbose headers   'content-encoding': 'gzip',
38 verbose headers   'cache-control': 'max-age=300',
38 verbose headers   'content-length': '56531',
38 verbose headers   'accept-ranges': 'bytes',
38 verbose headers   date: 'Thu, 13 Oct 2016 12:56:24 GMT',
38 verbose headers   via: '1.1 varnish',
38 verbose headers   age: '295',
38 verbose headers   connection: 'keep-alive',
38 verbose headers   'x-served-by': 'cache-dfw1846-DFW',
38 verbose headers   'x-cache': 'HIT',
38 verbose headers   'x-cache-hits': '3',
38 verbose headers   'x-timer': 'S1476363384.976338,VS0,VE0',
38 verbose headers   vary: 'Accept-Encoding' }
39 silly get cb [ 200,
39 silly get   { server: 'CouchDB/1.5.0 (Erlang OTP/R16B03)',
39 silly get     etag: '"BCZ1TKMD7HQXFAM6TWWVGKQ3E"',
39 silly get     'content-type': 'application/json',
39 silly get     'content-encoding': 'gzip',
39 silly get     'cache-control': 'max-age=300',
39 silly get     'content-length': '56531',
39 silly get     'accept-ranges': 'bytes',
39 silly get     date: 'Thu, 13 Oct 2016 12:56:24 GMT',
39 silly get     via: '1.1 varnish',
39 silly get     age: '295',
39 silly get     connection: 'keep-alive',
39 silly get     'x-served-by': 'cache-dfw1846-DFW',
39 silly get     'x-cache': 'HIT',
39 silly get     'x-cache-hits': '3',
39 silly get     'x-timer': 'S1476363384.976338,VS0,VE0',
39 silly get     vary: 'Accept-Encoding' } ]
40 verbose get saving express to C:\Users\Marianda\AppData\Roaming\npm-cache\registry.npmjs.org\express\.cache.json
41 verbose correctMkdir C:\Users\Marianda\AppData\Roaming\npm-cache correctMkdir not in flight; initializing
42 silly install normalizeTree
43 silly loadCurrentTree Finishing
44 silly loadIdealTree Starting
45 silly install loadIdealTree
46 silly cloneCurrentTree Starting
47 silly install cloneCurrentTreeToIdealTree
48 silly cloneCurrentTree Finishing
49 silly loadShrinkwrap Starting
50 silly install loadShrinkwrap
51 silly loadShrinkwrap Finishing
52 silly loadAllDepsIntoIdealTree Starting
53 silly install loadAllDepsIntoIdealTree
54 silly resolveWithNewModule body-parser@1.13.1 checking installable status
55 silly cache add args [ 'body-parser@1.13.1', null ]
56 verbose cache add spec body-parser@1.13.1
57 silly resolveWithNewModule express@4.13.0 checking installable status
58 silly cache add args [ 'express@4.13.0', null ]
59 verbose cache add spec express@4.13.0
60 silly cache add parsed spec Result {
60 silly cache add   raw: 'body-parser@1.13.1',
60 silly cache add   scope: null,
60 silly cache add   escapedName: 'body-parser',
60 silly cache add   name: 'body-parser',
60 silly cache add   rawSpec: '1.13.1',
60 silly cache add   spec: '1.13.1',
60 silly cache add   type: 'version' }
61 silly addNamed body-parser@1.13.1
62 verbose addNamed "1.13.1" is a plain semver version for body-parser
63 silly mapToRegistry name body-parser
64 silly mapToRegistry using default registry
65 silly mapToRegistry registry https://registry.npmjs.org/
66 silly mapToRegistry data Result {
66 silly mapToRegistry   raw: 'body-parser',
66 silly mapToRegistry   scope: null,
66 silly mapToRegistry   escapedName: 'body-parser',
66 silly mapToRegistry   name: 'body-parser',
66 silly mapToRegistry   rawSpec: '',
66 silly mapToRegistry   spec: 'latest',
66 silly mapToRegistry   type: 'tag' }
67 silly mapToRegistry uri https://registry.npmjs.org/body-parser
68 verbose addNameVersion registry:https://registry.npmjs.org/body-parser not in flight; fetching
69 silly cache add parsed spec Result {
69 silly cache add   raw: 'express@4.13.0',
69 silly cache add   scope: null,
69 silly cache add   escapedName: 'express',
69 silly cache add   name: 'express',
69 silly cache add   rawSpec: '4.13.0',
69 silly cache add   spec: '4.13.0',
69 silly cache add   type: 'version' }
70 silly addNamed express@4.13.0
71 verbose addNamed "4.13.0" is a plain semver version for express
72 silly mapToRegistry name express
73 silly mapToRegistry using default registry
74 silly mapToRegistry registry https://registry.npmjs.org/
75 silly mapToRegistry data Result {
75 silly mapToRegistry   raw: 'express',
75 silly mapToRegistry   scope: null,
75 silly mapToRegistry   escapedName: 'express',
75 silly mapToRegistry   name: 'express',
75 silly mapToRegistry   rawSpec: '',
75 silly mapToRegistry   spec: 'latest',
75 silly mapToRegistry   type: 'tag' }
76 silly mapToRegistry uri https://registry.npmjs.org/express
77 verbose addNameVersion registry:https://registry.npmjs.org/express not in flight; fetching
78 verbose get https://registry.npmjs.org/body-parser not expired, no request
79 verbose get https://registry.npmjs.org/express not expired, no request
80 silly mapToRegistry name body-parser
81 silly mapToRegistry using default registry
82 silly mapToRegistry registry https://registry.npmjs.org/
83 silly mapToRegistry data Result {
83 silly mapToRegistry   raw: 'body-parser',
83 silly mapToRegistry   scope: null,
83 silly mapToRegistry   escapedName: 'body-parser',
83 silly mapToRegistry   name: 'body-parser',
83 silly mapToRegistry   rawSpec: '',
83 silly mapToRegistry   spec: 'latest',
83 silly mapToRegistry   type: 'tag' }
84 silly mapToRegistry uri https://registry.npmjs.org/body-parser
85 verbose addRemoteTarball https://registry.npmjs.org/body-parser/-/body-parser-1.13.1.tgz not in flight; adding
86 verbose addRemoteTarball [ 'https://registry.npmjs.org/body-parser/-/body-parser-1.13.1.tgz',
86 verbose addRemoteTarball   'f07218bc2c4b5e36ca261557c9465481b29ecdcd' ]
87 info retry fetch attempt 1 at 07:56:30
88 info attempt registry request try #1 at 07:56:30
89 http fetch GET https://registry.npmjs.org/body-parser/-/body-parser-1.13.1.tgz
90 silly mapToRegistry name express
91 silly mapToRegistry using default registry
92 silly mapToRegistry registry https://registry.npmjs.org/
93 silly mapToRegistry data Result {
93 silly mapToRegistry   raw: 'express',
93 silly mapToRegistry   scope: null,
93 silly mapToRegistry   escapedName: 'express',
93 silly mapToRegistry   name: 'express',
93 silly mapToRegistry   rawSpec: '',
93 silly mapToRegistry   spec: 'latest',
93 silly mapToRegistry   type: 'tag' }
94 silly mapToRegistry uri https://registry.npmjs.org/express
95 verbose addRemoteTarball https://registry.npmjs.org/express/-/express-4.13.0.tgz not in flight; adding
96 verbose addRemoteTarball [ 'https://registry.npmjs.org/express/-/express-4.13.0.tgz',
96 verbose addRemoteTarball   '0678bdbc72715170b3fcc917052f046cb9689add' ]
97 info retry fetch attempt 1 at 07:56:30
98 info attempt registry request try #1 at 07:56:30
99 http fetch GET https://registry.npmjs.org/express/-/express-4.13.0.tgz
100 http fetch 200 https://registry.npmjs.org/express/-/express-4.13.0.tgz
101 warn retry will retry, error on last attempt: Error: EBUSY: resource busy or locked, rename 'C:\Users\Marianda\AppData\Local\Temp\npm-11876-56dcddd1\registry.npmjs.org\express\-\express-4.13.0.tgz.3579411099' -> 'C:\Users\Marianda\AppData\Local\Temp\npm-11876-56dcddd1\registry.npmjs.org\express\-\express-4.13.0.tgz'
102 verbose stack TypeError: tarball.destroy is not a function
102 verbose stack     at WriteStreamAtomic.<anonymous> (C:\Program Files (x86)\nodejs\node_modules\npm\lib\cache\add-remote-tarball.js:97:15)
102 verbose stack     at emitOne (events.js:101:20)
102 verbose stack     at WriteStreamAtomic.emit (events.js:188:7)
102 verbose stack     at WriteStreamAtomic.emit (C:\Program Files (x86)\nodejs\node_modules\npm\node_modules\fs-write-stream-atomic\index.js:60:34)
102 verbose stack     at C:\Program Files (x86)\nodejs\node_modules\npm\node_modules\fs-write-stream-atomic\index.js:89:19
102 verbose stack     at FSReqWrap.oncomplete (fs.js:123:15)
103 verbose cwd C:\Users\Marianda\documents\mao\pluralsight\AngularFundamentalsFiles\DemoApp
104 error Windows_NT 10.0.14393
105 error argv "C:\\Program Files (x86)\\nodejs\\node.exe" "C:\\Program Files (x86)\\nodejs\\node_modules\\npm\\bin\\npm-cli.js" "install" "express@4.13.0" "body-parser@1.13.1"
106 error node v6.3.1
107 error npm  v3.10.3
108 error tarball.destroy is not a function
109 error If you need help, you may report this error at:
109 error     <https://github.com/npm/npm/issues>
110 verbose exit [ 1, true ]
